<?xml version="1.0" encoding="UTF-8"?>
<!-- Generated by org.testng.reporters.JUnitReportReporter -->
<testsuite hostname="LAPTOP-R1E7JIE3" failures="0" tests="1" name="com.test.restassuredautomation.PostVehicleTest" time="1.112" errors="0" timestamp="1 Mar 2020 02:23:58 GMT">
  <testcase classname="com.test.restassuredautomation.PostVehicleTest" name="postVehicle" time="1.112"/>
</testsuite> <!-- com.test.restassuredautomation.PostVehicleTest -->
