<?xml version="1.0" encoding="UTF-8"?>
<!-- Generated by org.testng.reporters.JUnitReportReporter -->
<testsuite hostname="LAPTOP-R1E7JIE3" failures="0" tests="1" name="com.test.restassuredautomation.GetVehicleRequest" time="0.924" errors="0" timestamp="28 Feb 2020 05:43:47 GMT">
  <testcase classname="com.test.restassuredautomation.GetVehicleRequest" name="getVehicles" time="0.924"/>
</testsuite> <!-- com.test.restassuredautomation.GetVehicleRequest -->
