<?xml version="1.0" encoding="UTF-8"?>
<!-- Generated by org.testng.reporters.JUnitReportReporter -->
<testsuite hostname="LAPTOP-R1E7JIE3" failures="0" tests="1" name="com.test.restassuredautomation.GetVehicleByIdTest" time="0.895" errors="0" timestamp="1 Mar 2020 00:47:34 GMT">
  <testcase classname="com.test.restassuredautomation.GetVehicleByIdTest" name="getVehicleById" time="0.895"/>
</testsuite> <!-- com.test.restassuredautomation.GetVehicleByIdTest -->
