<?xml version="1.0" encoding="UTF-8"?>
<!-- Generated by org.testng.reporters.JUnitReportReporter -->
<testsuite hostname="LAPTOP-R1E7JIE3" failures="0" tests="1" name="com.test.restassuredautomation.GetVehiclesTest" time="0.897" errors="0" timestamp="29 Feb 2020 00:55:56 GMT">
  <testcase classname="com.test.restassuredautomation.GetVehiclesTest" name="getVehicles" time="0.897"/>
</testsuite> <!-- com.test.restassuredautomation.GetVehiclesTest -->
